{
"contracts\\NftMarketplace.sol":{"l":{"51":1,"52":1,"53":0,"55":1,"63":1,"64":1,"65":1,"66":0,"68":1,"72":1,"73":1,"74":0,"76":1,"96":1,"97":0,"102":1,"103":1,"104":0,"106":1,"107":1,"115":1,"116":1,"117":0,"119":1,"120":1,"121":1,"122":1,"130":0,"131":0,"139":0,"140":0,"144":0,"145":0,"146":0,"148":0,"149":0,"150":0,"151":0,"164":0,"168":1},"path":"C:\\Users\\noahm\\hardhat-nft-marketplace-fcc\\contracts\\NftMarketplace.sol","s":{"1":1,"2":1,"3":1,"4":1,"5":1,"6":1,"7":1,"8":1,"9":1,"10":1,"11":1,"12":1,"13":1,"14":1,"15":1,"16":1,"17":1,"18":0,"19":0,"20":0,"21":0,"22":0,"23":0,"24":0,"25":0,"26":0,"27":1},"b":{"1":[0,1],"2":[0,1],"3":[0,1],"4":[0,1],"5":[0,1],"6":[0,1],"7":[0,0],"8":[0,0]},"f":{"1":1,"2":1,"3":1,"4":1,"5":1,"6":0,"7":0,"8":0,"9":0,"10":1},"fnMap":{"1":{"name":"notListed","line":46,"loc":{"start":{"line":46,"column":4},"end":{"line":56,"column":4}}},"2":{"name":"isOwner","line":58,"loc":{"start":{"line":58,"column":4},"end":{"line":69,"column":4}}},"3":{"name":"isListed","line":71,"loc":{"start":{"line":71,"column":4},"end":{"line":77,"column":4}}},"4":{"name":"listItem","line":95,"loc":{"start":{"line":91,"column":4},"end":{"line":108,"column":4}}},"5":{"name":"buyItem","line":113,"loc":{"start":{"line":110,"column":4},"end":{"line":123,"column":4}}},"6":{"name":"cancelListing","line":128,"loc":{"start":{"line":125,"column":4},"end":{"line":132,"column":4}}},"7":{"name":"updateListing","line":138,"loc":{"start":{"line":134,"column":4},"end":{"line":141,"column":4}}},"8":{"name":"withdrawProcceeds","line":143,"loc":{"start":{"line":143,"column":4},"end":{"line":153,"column":4}}},"9":{"name":"getListing","line":159,"loc":{"start":{"line":159,"column":4},"end":{"line":165,"column":4}}},"10":{"name":"getProceeds","line":167,"loc":{"start":{"line":167,"column":4},"end":{"line":169,"column":4}}}},"statementMap":{"1":{"start":{"line":51,"column":8},"end":{"line":51,"column":64}},"2":{"start":{"line":52,"column":8},"end":{"line":52,"column":1584}},"3":{"start":{"line":63,"column":8},"end":{"line":63,"column":41}},"4":{"start":{"line":64,"column":8},"end":{"line":64,"column":44}},"5":{"start":{"line":65,"column":8},"end":{"line":65,"column":1925}},"6":{"start":{"line":72,"column":8},"end":{"line":72,"column":64}},"7":{"start":{"line":73,"column":8},"end":{"line":73,"column":2167}},"8":{"start":{"line":96,"column":8},"end":{"line":96,"column":2910}},"9":{"start":{"line":102,"column":8},"end":{"line":102,"column":41}},"10":{"start":{"line":103,"column":8},"end":{"line":103,"column":3254}},"11":{"start":{"line":106,"column":8},"end":{"line":106,"column":67}},"12":{"start":{"line":107,"column":8},"end":{"line":107,"column":63}},"13":{"start":{"line":115,"column":8},"end":{"line":115,"column":67}},"14":{"start":{"line":116,"column":8},"end":{"line":116,"column":3744}},"15":{"start":{"line":119,"column":8},"end":{"line":119,"column":80}},"16":{"start":{"line":121,"column":8},"end":{"line":121,"column":83}},"17":{"start":{"line":122,"column":8},"end":{"line":122,"column":74}},"18":{"start":{"line":131,"column":8},"end":{"line":131,"column":58}},"19":{"start":{"line":139,"column":8},"end":{"line":139,"column":55}},"20":{"start":{"line":140,"column":8},"end":{"line":140,"column":66}},"21":{"start":{"line":144,"column":8},"end":{"line":144,"column":49}},"22":{"start":{"line":145,"column":8},"end":{"line":145,"column":4929}},"23":{"start":{"line":148,"column":8},"end":{"line":148,"column":33}},"24":{"start":{"line":149,"column":8},"end":{"line":149,"column":72}},"25":{"start":{"line":150,"column":8},"end":{"line":150,"column":5132}},"26":{"start":{"line":164,"column":8},"end":{"line":164,"column":46}},"27":{"start":{"line":168,"column":8},"end":{"line":168,"column":33}}},"branchMap":{"1":{"line":52,"type":"if","locations":[{"start":{"line":52,"column":8},"end":{"line":52,"column":8}},{"start":{"line":52,"column":8},"end":{"line":52,"column":8}}]},"2":{"line":65,"type":"if","locations":[{"start":{"line":65,"column":8},"end":{"line":65,"column":8}},{"start":{"line":65,"column":8},"end":{"line":65,"column":8}}]},"3":{"line":73,"type":"if","locations":[{"start":{"line":73,"column":8},"end":{"line":73,"column":8}},{"start":{"line":73,"column":8},"end":{"line":73,"column":8}}]},"4":{"line":96,"type":"if","locations":[{"start":{"line":96,"column":8},"end":{"line":96,"column":8}},{"start":{"line":96,"column":8},"end":{"line":96,"column":8}}]},"5":{"line":103,"type":"if","locations":[{"start":{"line":103,"column":8},"end":{"line":103,"column":8}},{"start":{"line":103,"column":8},"end":{"line":103,"column":8}}]},"6":{"line":116,"type":"if","locations":[{"start":{"line":116,"column":8},"end":{"line":116,"column":8}},{"start":{"line":116,"column":8},"end":{"line":116,"column":8}}]},"7":{"line":145,"type":"if","locations":[{"start":{"line":145,"column":8},"end":{"line":145,"column":8}},{"start":{"line":145,"column":8},"end":{"line":145,"column":8}}]},"8":{"line":150,"type":"if","locations":[{"start":{"line":150,"column":8},"end":{"line":150,"column":8}},{"start":{"line":150,"column":8},"end":{"line":150,"column":8}}]}}},
"contracts\\test\\BasicNft.sol":{"l":{"14":3,"18":1,"19":1,"20":1,"24":0,"25":0,"29":0},"path":"C:\\Users\\noahm\\hardhat-nft-marketplace-fcc\\contracts\\test\\BasicNft.sol","s":{"1":3,"2":1,"3":1,"4":1,"5":0,"6":0,"7":0},"b":{"1":[0,0]},"f":{"1":3,"2":1,"3":0,"4":0},"fnMap":{"1":{"name":"constructor","line":13,"loc":{"start":{"line":13,"column":4},"end":{"line":15,"column":4}}},"2":{"name":"mintNft","line":17,"loc":{"start":{"line":17,"column":4},"end":{"line":21,"column":4}}},"3":{"name":"tokenURI","line":23,"loc":{"start":{"line":23,"column":4},"end":{"line":26,"column":4}}},"4":{"name":"getTokenCounter","line":28,"loc":{"start":{"line":28,"column":4},"end":{"line":30,"column":4}}}},"statementMap":{"1":{"start":{"line":14,"column":8},"end":{"line":14,"column":25}},"2":{"start":{"line":18,"column":8},"end":{"line":18,"column":44}},"3":{"start":{"line":19,"column":8},"end":{"line":19,"column":38}},"4":{"start":{"line":20,"column":8},"end":{"line":20,"column":42}},"5":{"start":{"line":24,"column":8},"end":{"line":24,"column":83}},"6":{"start":{"line":25,"column":8},"end":{"line":25,"column":24}},"7":{"start":{"line":29,"column":8},"end":{"line":29,"column":29}}},"branchMap":{"1":{"line":24,"type":"if","locations":[{"start":{"line":24,"column":8},"end":{"line":24,"column":8}},{"start":{"line":24,"column":8},"end":{"line":24,"column":8}}]}}}}
