TN:
SF:C:\Users\noahm\hardhat-nft-marketplace-fcc\contracts\NftMarketplace.sol
FN:46,notListed
FN:58,isOwner
FN:71,isListed
FN:95,listItem
FN:113,buyItem
FN:128,cancelListing
FN:138,updateListing
FN:143,withdrawProcceeds
FN:159,getListing
FN:167,getProceeds
FNF:10
FNH:6
FNDA:1,notListed
FNDA:1,isOwner
FNDA:1,isListed
FNDA:1,listItem
FNDA:1,buyItem
FNDA:0,cancelListing
FNDA:0,updateListing
FNDA:0,withdrawProcceeds
FNDA:0,getListing
FNDA:1,getProceeds
DA:51,1
DA:52,1
DA:53,0
DA:55,1
DA:63,1
DA:64,1
DA:65,1
DA:66,0
DA:68,1
DA:72,1
DA:73,1
DA:74,0
DA:76,1
DA:96,1
DA:97,0
DA:102,1
DA:103,1
DA:104,0
DA:106,1
DA:107,1
DA:115,1
DA:116,1
DA:117,0
DA:119,1
DA:120,1
DA:121,1
DA:122,1
DA:130,0
DA:131,0
DA:139,0
DA:140,0
DA:144,0
DA:145,0
DA:146,0
DA:148,0
DA:149,0
DA:150,0
DA:151,0
DA:164,0
DA:168,1
LF:40
LH:22
BRDA:52,1,0,0
BRDA:52,1,1,1
BRDA:65,2,0,0
BRDA:65,2,1,1
BRDA:73,3,0,0
BRDA:73,3,1,1
BRDA:96,4,0,0
BRDA:96,4,1,1
BRDA:103,5,0,0
BRDA:103,5,1,1
BRDA:116,6,0,0
BRDA:116,6,1,1
BRDA:145,7,0,0
BRDA:145,7,1,0
BRDA:150,8,0,0
BRDA:150,8,1,0
BRF:16
BRH:6
end_of_record
TN:
SF:C:\Users\noahm\hardhat-nft-marketplace-fcc\contracts\test\BasicNft.sol
FN:13,constructor
FN:17,mintNft
FN:23,tokenURI
FN:28,getTokenCounter
FNF:4
FNH:2
FNDA:3,constructor
FNDA:1,mintNft
FNDA:0,tokenURI
FNDA:0,getTokenCounter
DA:14,3
DA:18,1
DA:19,1
DA:20,1
DA:24,0
DA:25,0
DA:29,0
LF:7
LH:4
BRDA:24,1,0,0
BRDA:24,1,1,0
BRF:2
BRH:0
end_of_record
